<?xml version="1.0" encoding="UTF-8"?>
<testsuite xmlns:xsi="http://www.w3.org/2001/XMLSchema-instance" xsi:noNamespaceSchemaLocation="https://maven.apache.org/surefire/maven-surefire-plugin/xsd/surefire-test-report.xsd" name="gal.udc.fic.vvs.email.AppTest" time="0.079" tests="17" errors="0" skipped="0" failures="0">
  <properties>
[...]
</properties>
  <testcase name="testCarpetaBuscarYAnhadir" classname="gal.udc.fic.vvs.email.AppTest" time="0.005"/>
  <testcase name="testCarpetaEliminar" classname="gal.udc.fic.vvs.email.AppTest" time="0"/>
  <testcase name="testTextoObtenerMimeType" classname="gal.udc.fic.vvs.email.AppTest" time="0"/>
  <testcase name="testArchivadorSimpleAlmacenarCorreo" classname="gal.udc.fic.vvs.email.AppTest" time="0.002"/>
  <testcase name="testLogAlmacenarCorreo" classname="gal.udc.fic.vvs.email.AppTest" time="0.005"/>
  <testcase name="testDelegadoAlmacenarCorreo" classname="gal.udc.fic.vvs.email.AppTest" time="0"/>
  <testcase name="testImagenObtenerMimeType" classname="gal.udc.fic.vvs.email.AppTest" time="0"/>
  <testcase name="testCarpetaEstablecerLeidoSaleBien" classname="gal.udc.fic.vvs.email.AppTest" time="0"/>
  <testcase name="testCarpetaExplorar" classname="gal.udc.fic.vvs.email.AppTest" time="0.001"/>
  <testcase name="testCorreoAbstractoObtenerRuta" classname="gal.udc.fic.vvs.email.AppTest" time="0"/>
  <testcase name="testAdjuntoObtenerTamanho" classname="gal.udc.fic.vvs.email.AppTest" time="0.001"/>
  <testcase name="testMensajeBuscarNoSeEncuentra" classname="gal.udc.fic.vvs.email.AppTest" time="0"/>
  <testcase name="testDecoradorMensajeBuscarNoSeEncuentra" classname="gal.udc.fic.vvs.email.AppTest" time="0"/>
  <testcase name="testMensajeBuscarSaleBien" classname="gal.udc.fic.vvs.email.AppTest" time="0.001"/>
  <testcase name="testAdjuntoObtenerVisualizacion" classname="gal.udc.fic.vvs.email.AppTest" time="0"/>
  <testcase name="testAudioObtenerMimeType" classname="gal.udc.fic.vvs.email.AppTest" time="0.001"/>
  <testcase name="testDecoradorMensajeBuscarSaleBien" classname="gal.udc.fic.vvs.email.AppTest" time="0"/>
</testsuite>